INFO - Initializing...
INFO - Identified Android SDK installation from a previous run.
INFO - Initializing QARK

INFO - Unpacking /Users/Johnny/Desktop/casa/apks/com.activehomevista.apk
INFO - Zipfile: <zipfile.ZipFile object at 0x1065a03d0>
INFO - Extracted APK to /Users/Johnny/Desktop/casa/apks/com.activehomevista/
INFO - Finding AndroidManifest.xml in /Users/Johnny/Desktop/casa/apks/com.activehomevista
INFO - AndroidManifest.xml found
INFO - <?xml version="1.0" ?><manifest android:versionCode="113" android:versionName="2.5" package="com.activehomevista" platformBuildVersionCode="23" platformBuildVersionName="6.0-2438415" xmlns:android="http://schemas.android.com/apk/res/android">
<uses-sdk android:minSdkVersion="7" android:targetSdkVersion="23">
</uses-sdk>
<uses-permission android:name="android.permission.INTERNET">
</uses-permission>
<uses-permission android:name="android.permission.VIBRATE">
</uses-permission>
<uses-permission android:name="android.permission.ACCESS_WIFI_STATE">
</uses-permission>
<uses-permission android:name="android.permission.ACCESS_NETWORK_STATE">
</uses-permission>
<uses-feature android:name="android.hardware.touchscreen" android:required="false">
</uses-feature>
<uses-feature android:name="android.hardware.wifi" android:required="false">
</uses-feature>
<application android:allowBackup="true" android:backupAgent="com.activehomevista.ActiveHomeVistaBackupAgentHelper" android:fullBackupContent="@7F050001" android:fullBackupOnly="true" android:hardwareAccelerated="true" android:icon="@7F02004D" android:label="@7F060021" android:restoreAnyVersion="false" android:supportsRtl="true" android:theme="@7F0A00DC">
<meta-data android:name="com.google.android.backup.api_key" android:value="AEdPqrEAAAAIlNFJNuizlj0bsvsIwVwFnTUScYTJQg5AR0icVg">
</meta-data>
<activity android:label="@7F060021" android:name="com.activehomevista.ActiveHomeVista">
<intent-filter>
<action android:name="android.intent.action.MAIN">
</action>
<category android:name="android.intent.category.LAUNCHER">
</category>
</intent-filter>
</activity>
<activity android:label="@7F06006C" android:name="com.activehomevista.Preferences">
</activity>
<receiver android:exported="true" android:name="com.activehomevista.ActiveHomeVistaWidgetProvider">
<intent-filter>
<action android:name="android.appwidget.action.APPWIDGET_UPDATE">
</action>
<action android:name="com.activehomevista.APPWIDGET_CLICK">
</action>
<action android:name="com.activehomevista.APPWIDGET_REFRESH">
</action>
</intent-filter>
<meta-data android:name="android.appwidget.provider" android:resource="@7F050000">
</meta-data>
</receiver>
<service android:enabled="true" android:exported="false" android:label="@7F06006B" android:name="com.activehomevista.service.ActiveHomeVistaService">
<intent-filter>
<action android:name="com.activehomevista.service.X10_SERVICE">
</action>
</intent-filter>
</service>
<activity android:name="com.activehomevista.ConfigureWidget">
<intent-filter>
<action android:name="android.appwidget.action.APPWIDGET_CONFIGURE">
</action>
</intent-filter>
</activity>
</application>
</manifest>
INFO - Determined minimum SDK version to be:7
WARNING - Logs are world readable on pre-4.1 devices. A malicious app could potentially retrieve sensitive data from the logs.
ISSUES - APP COMPONENT ATTACK SURFACE
WARNING - Backups enabled: Potential for data theft via local attacks via adb backup, if the device has USB debugging enabled (not common). More info: http://developer.android.com/reference/android/R.attr.html#allowBackup
INFO - Checking provider
INFO - Checking activity
WARNING - The following activity are exported, but not protected by any permissions. Failing to protect activity could leave them vulnerable to attack by malicious apps. The activity should be reviewed for vulnerabilities, such as injection and information leakage.
INFO - Checking activity-alias
INFO - Checking services
INFO - Checking receivers
WARNING - The following receiver are exported, but not protected by any permissions. Failing to protect receiver could leave them vulnerable to attack by malicious apps. The receiver should be reviewed for vulnerabilities, such as injection and information leakage.
INFO - Please wait while QARK tries to decompile the code back to source using multiple decompilers. This may take a while.
INFO - Trying to improve accuracy of the decompiled files
INFO - Restored 18 file(s) out of 20 corrupt file(s)
INFO - Decompiled code found at:/Users/Johnny/Desktop/casa/apks/com.activehomevista/
INFO - Finding all java files
INFO - Running Static Code Analysis...
INFO - Looking for private key files in project
INFO - This class is exported from a manifest item: ActiveHomeVista
ERROR - Unable to create tree for parsing
ERROR - File: /Users/Johnny/Desktop/casa/apks/com.activehomevista/classes_dex2jar/com/activehomevista/ActiveHomeVista.java could not be parsed properly, which will negatively impact results
INFO - This class is exported from a manifest item: ConfigureWidget
INFO - Checking this file for vulns: /Users/Johnny/Desktop/casa/apks/com.activehomevista/classes_dex2jar/com/activehomevista/ConfigureWidget.java
WARNING - It appears the Activity defined in this class : /Users/Johnny/Desktop/casa/apks/com.activehomevista/classes_dex2jar/com/activehomevista/ConfigureWidget.java may return a result via "setResult". The exploit APK will automatically parse any returned values, but you should manually inspect this to determine the significance of the returned value.
WARNING - It appears the Activity defined in this class : /Users/Johnny/Desktop/casa/apks/com.activehomevista/classes_dex2jar/com/activehomevista/ConfigureWidget.java may return a result via "setResult". The exploit APK will automatically parse any returned values, but you should manually inspect this to determine the significance of the returned value.
WARNING - It appears the Activity defined in this class : /Users/Johnny/Desktop/casa/apks/com.activehomevista/classes_dex2jar/com/activehomevista/ConfigureWidget.java may return a result via "setResult". The exploit APK will automatically parse any returned values, but you should manually inspect this to determine the significance of the returned value.
INFO - No custom imports to investigate. The method is assumed to be in the standard libraries
INFO - No custom imports to investigate. The method is assumed to be in the standard libraries
WARNING - It appears the Activity defined in this class : /Users/Johnny/Desktop/casa/apks/com.activehomevista/classes_dex2jar/com/activehomevista/ConfigureWidget.java may return a result via "setResult". The exploit APK will automatically parse any returned values, but you should manually inspect this to determine the significance of the returned value.
INFO - No custom imports to investigate. The method is assumed to be in the standard libraries
INFO - No custom imports to investigate. The method is assumed to be in the standard libraries
INFO - No custom imports to investigate. The method is assumed to be in the standard libraries
INFO - No custom imports to investigate. The method is assumed to be in the standard libraries
INFO - No custom imports to investigate. The method is assumed to be in the standard libraries
INFO - No custom imports to investigate. The method is assumed to be in the standard libraries
INFO - No custom imports to investigate. The method is assumed to be in the standard libraries
INFO - No custom imports to investigate. The method is assumed to be in the standard libraries
INFO - No custom imports to investigate. The method is assumed to be in the standard libraries
INFO - No custom imports to investigate. The method is assumed to be in the standard libraries
INFO - No custom imports to investigate. The method is assumed to be in the standard libraries
INFO - No custom imports to investigate. The method is assumed to be in the standard libraries
INFO - No custom imports to investigate. The method is assumed to be in the standard libraries
INFO - This class is exported from a manifest item: ActiveHomeVistaWidgetProvider
INFO - Checking this file for vulns: /Users/Johnny/Desktop/casa/apks/com.activehomevista/classes_dex2jar/com/activehomevista/ActiveHomeVistaWidgetProvider.java
ISSUES - CRYPTO ISSUES
INFO -  No issues to report
ISSUES - BROADCAST ISSUES
INFO -  No issues to report
ISSUES - CERTIFICATE VALIDATION ISSUES
INFO -  No issues to report
ISSUES - PENDING INTENT ISSUES
POTENTIAL VULNERABILITY - Implicit Intent: localIntent used to create instance of PendingIntent. A malicious application could potentially intercept, redirect and/or modify (in a limited manner) this Intent. Pending Intents retain the UID of your application and all related permissions, allowing another application to act as yours.  File: /Users/Johnny/Desktop/casa/apks/com.activehomevista/classes_dex2jar/android/support/v4/app/TaskStackBuilder.java More details: https://www.securecoding.cert.org/confluence/display/android/DRD21-J.+Always+pass+explicit+intents+to+a+PendingIntent
ISSUES - FILE PERMISSION ISSUES
INFO -  No issues to report
ISSUES - WEB-VIEW ISSUES
INFO - FOUND 0 WEBVIEWS:
WARNING - Please use the exploit APK to manually test for TapJacking until we have a chance to complete this module. The impact should be verified manually anyway, so have fun...
INFO - Content Providers appear to be in use, locating...
INFO - FOUND 0 CONTENTPROVIDERS:
ISSUES - ADB EXPLOIT COMMANDS
INFO - Until we perfect this, for manually testing, run the following command to see all the options and their meanings: adb shell am. Make sure to update qark frequently to get all the enhancements! You'll also find some good examples here: http://xgouchet.fr/android/index.php?article42/launch-intents-using-adb
INFO - Support for other component types and dynamically adding extras is in the works, please check for updates
